Step: step-credential-initializer-g8m67:

{"level":"warn","ts":1565646022.8431082,"logger":"fallback-logger","caller":"logging/config.go:69","msg":"Fetch GitHub commit ID from kodata failed: \"ref: refs/heads/master\" is not a valid GitHub commit ID"}
{"level":"info","ts":1565646022.843468,"logger":"fallback-logger","caller":"creds-init/main.go:40","msg":"Credentials initialized."}
Step: step-working-dir-initializer-2zdnf:

{"level":"warn","ts":1565646023.3077013,"logger":"fallback-logger","caller":"logging/config.go:69","msg":"Fetch GitHub commit ID from kodata failed: open /var/run/ko/HEAD: no such file or directory"}
{"level":"info","ts":1565646023.3121088,"logger":"fallback-logger","caller":"bash/main.go:65","msg":"Successfully executed command \"mkdir -p /workspace/source\""}
Step: step-place-tools:

Step: step-git-source-meta-*********-environment-jx-r-xqcqr:

{"level":"warn","ts":1565646029.3859265,"logger":"fallback-logger","caller":"logging/config.go:69","msg":"Fetch GitHub commit ID from kodata failed: \"ref: refs/heads/master\" is not a valid GitHub commit ID"}
{"level":"info","ts":1565646029.5669765,"logger":"fallback-logger","caller":"git/git.go:102","msg":"Successfully cloned https://github.com/*********/environment-jx-rocks-staging.git @ ecbdcbed2657ca63b1585d6da47dd3078f2a9d8b in path /workspace/source"}
Step: step-git-merge:

{"level":"info","msg":"Using SHAs from PULL_REFS=master:ecbdcbed2657ca63b1585d6da47dd3078f2a9d8b","time":"2019-08-12T21:40:29Z"}
{"level":"warning","msg":"no SHAs to merge, falling back to initial cloned commit","time":"2019-08-12T21:40:29Z"}
Step: step-merge-pull-refs:

SKIP merge-pull-refs: Nothing to merge
Step: step-create-effective-pipeline:

{"level":"info","msg":"Deleting and cloning the Jenkins X versions repo","time":"2019-08-12T21:40:30Z"}
{"level":"info","msg":"Cloning the Jenkins X versions repo https://github.com/jenkins-x/jenkins-x-versions.git with ref refs/heads/master to /builder/home/.jx/jenkins-x-versions","time":"2019-08-12T21:40:30Z"}
{"level":"info","msg":"selected pack: /builder/home/.jx/draft/packs/github.com/jenkins-x-buildpacks/jenkins-x-kubernetes/packs/environment","time":"2019-08-12T21:40:30Z"}
{"level":"info","msg":"Effective pipeline written to jenkins-x-promotion-effective.yml","time":"2019-08-12T21:40:32Z"}
Step: step-create-tekton-crds:

{"level":"info","msg":"running command: jx step next-version --use-git-tag-only --tag","time":"2019-08-12T21:40:32Z"}
{"level":"info","msg":"created new version: 0.0.2 and written to file: ./VERSION","time":"2019-08-12T21:40:32Z"}
{"level":"info","msg":"Tag v0.0.2 created and pushed to remote origin","time":"2019-08-12T21:40:35Z"}
{"level":"info","msg":"","time":"2019-08-12T21:40:35Z"}
{"level":"info","msg":"PipelineActivity for *********-environment-jx-rocks-staging-master-2","time":"2019-08-12T21:40:35Z"}
{"level":"info","msg":"Applying changes ","time":"2019-08-12T21:40:35Z"}
{"level":"info","msg":"upserted PipelineResource *********-environment-jx-rocks for the git repository https://github.com/*********/environment-jx-rocks-staging.git and branch master","time":"2019-08-12T21:40:35Z"}
{"level":"info","msg":"upserted Task *********-environment-jx-rocks-jwrgc-from-build-pack-2","time":"2019-08-12T21:40:35Z"}
{"level":"info","msg":"upserted Pipeline *********-environment-jx-rocks-jwrgc-2","time":"2019-08-12T21:40:35Z"}
{"level":"info","msg":"created PipelineRun *********-environment-jx-rocks-jwrgc-2","time":"2019-08-12T21:40:35Z"}
{"level":"info","msg":"created PipelineStructure *********-environment-jx-rocks-jwrgc-2","time":"2019-08-12T21:40:35Z"}
