Step: step-credential-initializer-p42qg:

{"level":"warn","ts":1565649730.3066459,"logger":"fallback-logger","caller":"logging/config.go:69","msg":"Fetch GitHub commit ID from kodata failed: \"ref: refs/heads/master\" is not a valid GitHub commit ID"}
{"level":"info","ts":1565649730.3070228,"logger":"fallback-logger","caller":"creds-init/main.go:40","msg":"Credentials initialized."}
Step: step-working-dir-initializer-xd89g:

{"level":"warn","ts":1565649731.5727463,"logger":"fallback-logger","caller":"logging/config.go:69","msg":"Fetch GitHub commit ID from kodata failed: open /var/run/ko/HEAD: no such file or directory"}
{"level":"info","ts":1565649731.5787337,"logger":"fallback-logger","caller":"bash/main.go:65","msg":"Successfully executed command \"mkdir -p /workspace/source\""}
Step: step-place-tools:

Step: step-git-source-meta-*********-environment-jx-r-btvjt:

{"level":"warn","ts":1565649736.638864,"logger":"fallback-logger","caller":"logging/config.go:69","msg":"Fetch GitHub commit ID from kodata failed: \"ref: refs/heads/master\" is not a valid GitHub commit ID"}
{"level":"info","ts":1565649736.8362236,"logger":"fallback-logger","caller":"git/git.go:102","msg":"Successfully cloned https://github.com/*********/environment-jx-rocks-staging.git @ e63caced8aa19904c0176ca0d0733e620e91394a in path /workspace/source"}
Step: step-git-merge:

{"level":"info","msg":"Using SHAs from PULL_REFS=master:e63caced8aa19904c0176ca0d0733e620e91394a","time":"2019-08-12T22:42:16Z"}
{"level":"warning","msg":"no SHAs to merge, falling back to initial cloned commit","time":"2019-08-12T22:42:16Z"}
Step: step-merge-pull-refs:

SKIP merge-pull-refs: Nothing to merge
Step: step-create-effective-pipeline:

{"level":"info","msg":"Deleting and cloning the Jenkins X versions repo","time":"2019-08-12T22:42:17Z"}
{"level":"info","msg":"Cloning the Jenkins X versions repo https://github.com/jenkins-x/jenkins-x-versions.git with ref refs/heads/master to /builder/home/.jx/jenkins-x-versions","time":"2019-08-12T22:42:17Z"}
{"level":"info","msg":"selected pack: /builder/home/.jx/draft/packs/github.com/jenkins-x-buildpacks/jenkins-x-kubernetes/packs/environment","time":"2019-08-12T22:42:18Z"}
{"level":"info","msg":"Effective pipeline written to jenkins-x-promotion-effective.yml","time":"2019-08-12T22:42:19Z"}
Step: step-create-tekton-crds:

{"level":"info","msg":"running command: jx step next-version --use-git-tag-only --tag","time":"2019-08-12T22:42:19Z"}
{"level":"info","msg":"created new version: 0.0.7 and written to file: ./VERSION","time":"2019-08-12T22:42:20Z"}
{"level":"info","msg":"Tag v0.0.7 created and pushed to remote origin","time":"2019-08-12T22:42:22Z"}
{"level":"info","msg":"","time":"2019-08-12T22:42:22Z"}
{"level":"info","msg":"PipelineActivity for *********-environment-jx-rocks-staging-master-7","time":"2019-08-12T22:42:22Z"}
{"level":"info","msg":"Applying changes ","time":"2019-08-12T22:42:22Z"}
{"level":"info","msg":"upserted PipelineResource *********-environment-jx-rocks for the git repository https://github.com/*********/environment-jx-rocks-staging.git and branch master","time":"2019-08-12T22:42:22Z"}
{"level":"info","msg":"upserted Task *********-environment-jx-rocks-8qzgl-from-build-pack-7","time":"2019-08-12T22:42:22Z"}
{"level":"info","msg":"upserted Pipeline *********-environment-jx-rocks-8qzgl-7","time":"2019-08-12T22:42:22Z"}
{"level":"info","msg":"created PipelineRun *********-environment-jx-rocks-8qzgl-7","time":"2019-08-12T22:42:22Z"}
{"level":"info","msg":"created PipelineStructure *********-environment-jx-rocks-8qzgl-7","time":"2019-08-12T22:42:22Z"}
