Step: step-credential-initializer-l9r8m:

{"level":"warn","ts":1565648484.159632,"logger":"fallback-logger","caller":"logging/config.go:69","msg":"Fetch GitHub commit ID from kodata failed: \"ref: refs/heads/master\" is not a valid GitHub commit ID"}
{"level":"info","ts":1565648484.160014,"logger":"fallback-logger","caller":"creds-init/main.go:40","msg":"Credentials initialized."}
Step: step-working-dir-initializer-qvkvb:

{"level":"warn","ts":1565648485.1671488,"logger":"fallback-logger","caller":"logging/config.go:69","msg":"Fetch GitHub commit ID from kodata failed: open /var/run/ko/HEAD: no such file or directory"}
{"level":"info","ts":1565648485.1682642,"logger":"fallback-logger","caller":"bash/main.go:65","msg":"Successfully executed command \"mkdir -p /workspace/source\""}
Step: step-place-tools:

Step: step-git-source-meta-*********-environment-jx-r-nhk5v:

{"level":"warn","ts":1565648491.2610004,"logger":"fallback-logger","caller":"logging/config.go:69","msg":"Fetch GitHub commit ID from kodata failed: \"ref: refs/heads/master\" is not a valid GitHub commit ID"}
{"level":"info","ts":1565648491.430364,"logger":"fallback-logger","caller":"git/git.go:102","msg":"Successfully cloned https://github.com/*********/environment-jx-rocks-staging.git @ 5f06f9e9274bd2b14ade9f90fc6b1cf73424bffe in path /workspace/source"}
Step: step-git-merge:

{"level":"info","msg":"Using SHAs from PULL_REFS=master:5f06f9e9274bd2b14ade9f90fc6b1cf73424bffe,5:5435c547089738097d736aa464062d15a9dc642f","time":"2019-08-12T22:21:31Z"}
{"level":"debug","msg":"ran git fetch --unshallow origin 5435c547089738097d736aa464062d15a9dc642f: 5f06f9e9274bd2b14ade9f90fc6b1cf73424bffe: in ","time":"2019-08-12T22:21:31Z"}
{"level":"debug","msg":"ran git checkout master in ","time":"2019-08-12T22:21:31Z"}
{"level":"debug","msg":"ran git reset --hard 5f06f9e9274bd2b14ade9f90fc6b1cf73424bffe in ","time":"2019-08-12T22:21:31Z"}
{"level":"debug","msg":"ran clean --force -d . in ","time":"2019-08-12T22:21:31Z"}
{"level":"debug","msg":"ran git merge 5435c547089738097d736aa464062d15a9dc642f in ","time":"2019-08-12T22:21:31Z"}
MERGED SHA SUBJECT
5435c5470  chore: Promote go-demo-6 to version 0.0.4
Step: step-merge-pull-refs:

{"level":"debug","msg":"ran git fetch origin 5435c547089738097d736aa464062d15a9dc642f: 5f06f9e9274bd2b14ade9f90fc6b1cf73424bffe: in ","time":"2019-08-12T22:21:33Z"}
{"level":"debug","msg":"Unshallowed git repo in ","time":"2019-08-12T22:21:33Z"}
{"level":"debug","msg":"ran git checkout master in ","time":"2019-08-12T22:21:33Z"}
{"level":"debug","msg":"ran git reset --hard 5f06f9e9274bd2b14ade9f90fc6b1cf73424bffe in ","time":"2019-08-12T22:21:33Z"}
{"level":"debug","msg":"ran clean --force -d . in ","time":"2019-08-12T22:21:33Z"}
{"level":"debug","msg":"ran git merge 5435c547089738097d736aa464062d15a9dc642f in ","time":"2019-08-12T22:21:33Z"}
MERGED SHA SUBJECT
5435c5470  chore: Promote go-demo-6 to version 0.0.4
Step: step-create-effective-pipeline:

{"level":"info","msg":"Deleting and cloning the Jenkins X versions repo","time":"2019-08-12T22:21:34Z"}
{"level":"info","msg":"Cloning the Jenkins X versions repo https://github.com/jenkins-x/jenkins-x-versions.git with ref refs/heads/master to /builder/home/.jx/jenkins-x-versions","time":"2019-08-12T22:21:34Z"}
{"level":"info","msg":"selected pack: /builder/home/.jx/draft/packs/github.com/jenkins-x-buildpacks/jenkins-x-kubernetes/packs/environment","time":"2019-08-12T22:21:34Z"}
{"level":"info","msg":"Effective pipeline written to jenkins-x-promotion-build-effective.yml","time":"2019-08-12T22:21:36Z"}
Step: step-create-tekton-crds:

{"level":"info","msg":"PipelineActivity for *********-environment-jx-rocks-staging-PR-5-1","time":"2019-08-12T22:21:36Z"}
{"level":"info","msg":"Applying changes ","time":"2019-08-12T22:21:36Z"}
{"level":"info","msg":"Checking if batch build reconciling is needed","time":"2019-08-12T22:21:36Z"}
{"level":"info","msg":"upserted PipelineResource *********-environment-jx-rocks for the git repository https://github.com/*********/environment-jx-rocks-staging.git and branch PR-5","time":"2019-08-12T22:21:36Z"}
{"level":"info","msg":"upserted Task *********-environment-jx-rocks-xj9r2-from-build-pack-1","time":"2019-08-12T22:21:36Z"}
{"level":"info","msg":"upserted Pipeline *********-environment-jx-rocks-xj9r2-1","time":"2019-08-12T22:21:36Z"}
{"level":"info","msg":"created PipelineRun *********-environment-jx-rocks-xj9r2-1","time":"2019-08-12T22:21:36Z"}
{"level":"info","msg":"created PipelineStructure *********-environment-jx-rocks-xj9r2-1","time":"2019-08-12T22:21:36Z"}
