Step: step-credential-initializer-9vx67:

{"level":"warn","ts":1565647291.6626804,"logger":"fallback-logger","caller":"logging/config.go:69","msg":"Fetch GitHub commit ID from kodata failed: \"ref: refs/heads/master\" is not a valid GitHub commit ID"}
{"level":"info","ts":1565647291.6630445,"logger":"fallback-logger","caller":"creds-init/main.go:40","msg":"Credentials initialized."}
Step: step-working-dir-initializer-jhz26:

{"level":"warn","ts":1565647292.679822,"logger":"fallback-logger","caller":"logging/config.go:69","msg":"Fetch GitHub commit ID from kodata failed: open /var/run/ko/HEAD: no such file or directory"}
{"level":"info","ts":1565647292.681073,"logger":"fallback-logger","caller":"bash/main.go:65","msg":"Successfully executed command \"mkdir -p /workspace/source\""}
Step: step-place-tools:

Step: step-git-source-meta-*********-environment-jx-r-t2c7w:

{"level":"warn","ts":1565647296.7375896,"logger":"fallback-logger","caller":"logging/config.go:69","msg":"Fetch GitHub commit ID from kodata failed: \"ref: refs/heads/master\" is not a valid GitHub commit ID"}
{"level":"info","ts":1565647296.9237978,"logger":"fallback-logger","caller":"git/git.go:102","msg":"Successfully cloned https://github.com/*********/environment-jx-rocks-staging.git @ ecbdcbed2657ca63b1585d6da47dd3078f2a9d8b in path /workspace/source"}
Step: step-git-merge:

{"level":"info","msg":"Using SHAs from PULL_REFS=master:ecbdcbed2657ca63b1585d6da47dd3078f2a9d8b,3:99765f4ef9aedb7452659d4b9c3723c1df80658b","time":"2019-08-12T22:01:37Z"}
{"level":"debug","msg":"ran git fetch --unshallow origin 99765f4ef9aedb7452659d4b9c3723c1df80658b: ecbdcbed2657ca63b1585d6da47dd3078f2a9d8b: in ","time":"2019-08-12T22:01:37Z"}
{"level":"debug","msg":"ran git checkout master in ","time":"2019-08-12T22:01:37Z"}
{"level":"debug","msg":"ran git reset --hard ecbdcbed2657ca63b1585d6da47dd3078f2a9d8b in ","time":"2019-08-12T22:01:37Z"}
{"level":"debug","msg":"ran clean --force -d . in ","time":"2019-08-12T22:01:37Z"}
{"level":"debug","msg":"ran git merge 99765f4ef9aedb7452659d4b9c3723c1df80658b in ","time":"2019-08-12T22:01:37Z"}
MERGED SHA SUBJECT
99765f4ef  chore: Promote go-demo-6 to version 0.0.2
Step: step-merge-pull-refs:

{"level":"debug","msg":"ran git fetch origin 99765f4ef9aedb7452659d4b9c3723c1df80658b: ecbdcbed2657ca63b1585d6da47dd3078f2a9d8b: in ","time":"2019-08-12T22:01:38Z"}
{"level":"debug","msg":"Unshallowed git repo in ","time":"2019-08-12T22:01:38Z"}
{"level":"debug","msg":"ran git checkout master in ","time":"2019-08-12T22:01:38Z"}
{"level":"debug","msg":"ran git reset --hard ecbdcbed2657ca63b1585d6da47dd3078f2a9d8b in ","time":"2019-08-12T22:01:38Z"}
{"level":"debug","msg":"ran clean --force -d . in ","time":"2019-08-12T22:01:38Z"}
{"level":"debug","msg":"ran git merge 99765f4ef9aedb7452659d4b9c3723c1df80658b in ","time":"2019-08-12T22:01:38Z"}
MERGED SHA SUBJECT
99765f4ef  chore: Promote go-demo-6 to version 0.0.2
Step: step-create-effective-pipeline:

{"level":"info","msg":"Deleting and cloning the Jenkins X versions repo","time":"2019-08-12T22:01:39Z"}
{"level":"info","msg":"Cloning the Jenkins X versions repo https://github.com/jenkins-x/jenkins-x-versions.git with ref refs/heads/master to /builder/home/.jx/jenkins-x-versions","time":"2019-08-12T22:01:39Z"}
{"level":"info","msg":"selected pack: /builder/home/.jx/draft/packs/github.com/jenkins-x-buildpacks/jenkins-x-kubernetes/packs/environment","time":"2019-08-12T22:01:40Z"}
{"level":"info","msg":"Effective pipeline written to jenkins-x-promotion-build-effective.yml","time":"2019-08-12T22:01:41Z"}
Step: step-create-tekton-crds:

{"level":"info","msg":"PipelineActivity for *********-environment-jx-rocks-staging-PR-3-1","time":"2019-08-12T22:01:41Z"}
{"level":"info","msg":"Applying changes ","time":"2019-08-12T22:01:41Z"}
{"level":"info","msg":"Checking if batch build reconciling is needed","time":"2019-08-12T22:01:41Z"}
{"level":"info","msg":"upserted PipelineResource *********-environment-jx-rocks for the git repository https://github.com/*********/environment-jx-rocks-staging.git and branch PR-3","time":"2019-08-12T22:01:41Z"}
{"level":"info","msg":"upserted Task *********-environment-jx-rocks-6pg6s-from-build-pack-1","time":"2019-08-12T22:01:41Z"}
{"level":"info","msg":"upserted Pipeline *********-environment-jx-rocks-6pg6s-1","time":"2019-08-12T22:01:41Z"}
{"level":"info","msg":"created PipelineRun *********-environment-jx-rocks-6pg6s-1","time":"2019-08-12T22:01:41Z"}
{"level":"info","msg":"created PipelineStructure *********-environment-jx-rocks-6pg6s-1","time":"2019-08-12T22:01:41Z"}
