Step: step-credential-initializer-c9v4q:

{"level":"warn","ts":1565647603.817324,"logger":"fallback-logger","caller":"logging/config.go:69","msg":"Fetch GitHub commit ID from kodata failed: \"ref: refs/heads/master\" is not a valid GitHub commit ID"}
{"level":"info","ts":1565647603.818178,"logger":"fallback-logger","caller":"creds-init/main.go:40","msg":"Credentials initialized."}
Step: step-working-dir-initializer-9hxnf:

{"level":"warn","ts":1565647605.0760167,"logger":"fallback-logger","caller":"logging/config.go:69","msg":"Fetch GitHub commit ID from kodata failed: open /var/run/ko/HEAD: no such file or directory"}
{"level":"info","ts":1565647605.0771239,"logger":"fallback-logger","caller":"bash/main.go:65","msg":"Successfully executed command \"mkdir -p /workspace/source\""}
Step: step-place-tools:

Step: step-git-source-meta-*********-environment-jx-r-29nhr:

{"level":"warn","ts":1565647610.1483774,"logger":"fallback-logger","caller":"logging/config.go:69","msg":"Fetch GitHub commit ID from kodata failed: \"ref: refs/heads/master\" is not a valid GitHub commit ID"}
{"level":"info","ts":1565647610.3188593,"logger":"fallback-logger","caller":"git/git.go:102","msg":"Successfully cloned https://github.com/*********/environment-jx-rocks-staging.git @ f8e2bd2c015b968**ff5155034d4ad53ec3c5475 in path /workspace/source"}
Step: step-git-merge:

{"level":"info","msg":"Using SHAs from PULL_REFS=master:f8e2bd2c015b968**ff5155034d4ad53ec3c5475,4:59d22e90a295844a422f20c72eb3dff956f2fd99","time":"2019-08-12T22:06:50Z"}
{"level":"debug","msg":"ran git fetch --unshallow origin 59d22e90a295844a422f20c72eb3dff956f2fd99: f8e2bd2c015b968**ff5155034d4ad53ec3c5475: in ","time":"2019-08-12T22:06:51Z"}
{"level":"debug","msg":"ran git checkout master in ","time":"2019-08-12T22:06:51Z"}
{"level":"debug","msg":"ran git reset --hard f8e2bd2c015b968**ff5155034d4ad53ec3c5475 in ","time":"2019-08-12T22:06:51Z"}
{"level":"debug","msg":"ran clean --force -d . in ","time":"2019-08-12T22:06:51Z"}
{"level":"debug","msg":"ran git merge 59d22e90a295844a422f20c72eb3dff956f2fd99 in ","time":"2019-08-12T22:06:51Z"}
MERGED SHA SUBJECT
59d22e90a  chore: Promote go-demo-6 to version 0.0.3
Step: step-merge-pull-refs:

{"level":"debug","msg":"ran git fetch origin 59d22e90a295844a422f20c72eb3dff956f2fd99: f8e2bd2c015b968**ff5155034d4ad53ec3c5475: in ","time":"2019-08-12T22:06:52Z"}
{"level":"debug","msg":"Unshallowed git repo in ","time":"2019-08-12T22:06:52Z"}
{"level":"debug","msg":"ran git checkout master in ","time":"2019-08-12T22:06:52Z"}
{"level":"debug","msg":"ran git reset --hard f8e2bd2c015b968**ff5155034d4ad53ec3c5475 in ","time":"2019-08-12T22:06:52Z"}
{"level":"debug","msg":"ran clean --force -d . in ","time":"2019-08-12T22:06:52Z"}
{"level":"debug","msg":"ran git merge 59d22e90a295844a422f20c72eb3dff956f2fd99 in ","time":"2019-08-12T22:06:52Z"}
MERGED SHA SUBJECT
59d22e90a  chore: Promote go-demo-6 to version 0.0.3
Step: step-create-effective-pipeline:

{"level":"info","msg":"Deleting and cloning the Jenkins X versions repo","time":"2019-08-12T22:06:53Z"}
{"level":"info","msg":"Cloning the Jenkins X versions repo https://github.com/jenkins-x/jenkins-x-versions.git with ref refs/heads/master to /builder/home/.jx/jenkins-x-versions","time":"2019-08-12T22:06:53Z"}
{"level":"info","msg":"selected pack: /builder/home/.jx/draft/packs/github.com/jenkins-x-buildpacks/jenkins-x-kubernetes/packs/environment","time":"2019-08-12T22:06:54Z"}
{"level":"info","msg":"Effective pipeline written to jenkins-x-promotion-build-effective.yml","time":"2019-08-12T22:06:55Z"}
Step: step-create-tekton-crds:

{"level":"info","msg":"PipelineActivity for *********-environment-jx-rocks-staging-PR-4-1","time":"2019-08-12T22:06:55Z"}
{"level":"info","msg":"Applying changes ","time":"2019-08-12T22:06:55Z"}
{"level":"info","msg":"Checking if batch build reconciling is needed","time":"2019-08-12T22:06:55Z"}
{"level":"info","msg":"upserted PipelineResource *********-environment-jx-rocks for the git repository https://github.com/*********/environment-jx-rocks-staging.git and branch PR-4","time":"2019-08-12T22:06:55Z"}
{"level":"info","msg":"upserted Task *********-environment-jx-rocks-rn6n7-from-build-pack-1","time":"2019-08-12T22:06:55Z"}
{"level":"info","msg":"upserted Pipeline *********-environment-jx-rocks-rn6n7-1","time":"2019-08-12T22:06:55Z"}
{"level":"info","msg":"created PipelineRun *********-environment-jx-rocks-rn6n7-1","time":"2019-08-12T22:06:55Z"}
{"level":"info","msg":"created PipelineStructure *********-environment-jx-rocks-rn6n7-1","time":"2019-08-12T22:06:55Z"}
